<?xml version="1.0" encoding="UTF-8"?>
<testng-results skipped="0" failed="0" total="1" passed="1">
  <reporter-output>
  </reporter-output>
  <suite name="Suite" duration-ms="45688" started-at="2018-01-18T14:15:41Z" finished-at="2018-01-18T14:16:27Z">
    <groups>
    </groups>
    <test name="Test" duration-ms="45688" started-at="2018-01-18T14:15:41Z" finished-at="2018-01-18T14:16:27Z">
      <class name="popsocketsautomation.popsocketLogin1">
        <test-method status="PASS" signature="Login()[pri:0, instance:popsocketsautomation.popsocketLogin1@5f2050f6]" name="Login" duration-ms="45620" started-at="2018-01-18T19:45:41Z" finished-at="2018-01-18T19:46:27Z">
          <reporter-output>
          </reporter-output>
        </test-method> <!-- Login -->
      </class> <!-- popsocketsautomation.popsocketLogin1 -->
    </test> <!-- Test -->
  </suite> <!-- Suite -->
</testng-results>
